<?xml version="1.0" encoding="UTF-8"?>
<!-- Generated by org.testng.reporters.JUnitXMLReporter -->
<testsuite ignored="0" hostname="Sumit" failures="0" tests="3" name="testparallel" time="18.637" errors="0" timestamp="2024-10-18T11:49:23 IST">
  <testcase classname="test.amazon.testFolder.HomepageTest" name="getTitle" time="0.105"/>
  <testcase classname="test.amazon.testFolder.SearchproductTest" name="searchProduct" time="4.702"/>
  <testcase classname="test.amazon.testFolder.HomepageTest" name="test" time="0.542"/>
</testsuite> <!-- testparallel -->
