<?xml version="1.0" encoding="UTF-8"?>
<testng-results ignored="0" total="2" passed="2" failed="0" skipped="0">
  <reporter-output>
  </reporter-output>
  <suite started-at="2024-10-21T20:19:11 IST" name="Suite" finished-at="2024-10-21T20:19:25 IST" duration-ms="13130">
    <groups>
    </groups>
    <test started-at="2024-10-21T20:19:11 IST" name="Test" finished-at="2024-10-21T20:19:25 IST" duration-ms="13130">
      <class name="test.amazon.testFolder.LoginpageTest">
        <test-method is-config="true" signature="setUp()[pri:0, instance:test.amazon.testFolder.LoginpageTest@223191a6]" started-at="2024-10-21T20:19:11 IST" name="setUp" finished-at="2024-10-21T20:19:18 IST" duration-ms="6527" status="PASS">
          <reporter-output>
          </reporter-output>
        </test-method> <!-- setUp -->
        <test-method is-config="true" signature="setUp()[pri:0, instance:test.amazon.testFolder.LoginpageTest@223191a6]" started-at="2024-10-21T20:19:11 IST" name="setUp" finished-at="2024-10-21T20:19:18 IST" duration-ms="7028" status="PASS">
          <reporter-output>
          </reporter-output>
        </test-method> <!-- setUp -->
        <test-method signature="userLogin()[pri:0, instance:test.amazon.testFolder.LoginpageTest@223191a6]" started-at="2024-10-21T20:19:18 IST" name="userLogin" finished-at="2024-10-21T20:19:22 IST" duration-ms="4208" status="PASS">
          <reporter-output>
          </reporter-output>
        </test-method> <!-- userLogin -->
        <test-method signature="invalidLogin()[pri:0, instance:test.amazon.testFolder.LoginpageTest@223191a6]" started-at="2024-10-21T20:19:18 IST" name="invalidLogin" finished-at="2024-10-21T20:19:24 IST" duration-ms="5725" status="PASS">
          <reporter-output>
          </reporter-output>
        </test-method> <!-- invalidLogin -->
        <test-method is-config="true" signature="tearDown()[pri:0, instance:test.amazon.testFolder.LoginpageTest@223191a6]" started-at="2024-10-21T20:19:22 IST" name="tearDown" finished-at="2024-10-21T20:19:22 IST" duration-ms="314" status="PASS">
          <reporter-output>
          </reporter-output>
        </test-method> <!-- tearDown -->
        <test-method is-config="true" signature="tearDown()[pri:0, instance:test.amazon.testFolder.LoginpageTest@223191a6]" started-at="2024-10-21T20:19:24 IST" name="tearDown" finished-at="2024-10-21T20:19:25 IST" duration-ms="343" status="PASS">
          <reporter-output>
          </reporter-output>
        </test-method> <!-- tearDown -->
      </class> <!-- test.amazon.testFolder.LoginpageTest -->
    </test> <!-- Test -->
  </suite> <!-- Suite -->
</testng-results>
